(ARCTools Version 2.1.2)
 HexLoc     DecLoc    MachWord   Label        Instruction                Comment
                                              .org 0                     
00000000  0000000000  030000c8                sethi 200, %r1             
00000004  0000000004  8330600a                srl %r1, 10, %r1           
00000008  0000000008  9408000a                and %r0, %r10, %r10        
0000000c  0000000012  c4004000  loop:         ld %r1, %r2                
00000010  0000000016  80908000                orcc %r2, %r0, %r0         
00000014  0000000020  02800007                be 7                       
00000018  0000000024  8080bffe                addcc %r2, -2, %r0         
0000001c  0000000028  02800002                be 2                       
00000020  0000000032  10800002                ba 2                       
00000024  0000000036  9402a001  increment:    add %r10, 1, %r10          
00000028  0000000040  82006004  next:         add %r1, 4, %r1            
0000002c  0000000044  10bffff8                ba -8                      
00000030  0000000048  ffffffff  finished:     halt                       
                                                                         
                                                                         
                                              .org 200                   
000000c8  0000000200  00000005  arr1:                                    
000000cc  0000000204  00000004
000000d0  0000000208  00000003
000000d4  0000000212  00000006
000000d8  0000000216  00000002
000000dc  0000000220  00000005
000000e0  0000000224  00000004
000000e4  0000000228  00000002
000000e8  0000000232  00000001
000000ec  0000000236  00000002
000000f0  0000000240  00000002
000000f4  0000000244  00000003
000000f8  0000000248  00000004
000000fc  0000000252  00000005
00000100  0000000256  00000001
00000104  0000000260  00000002
00000108  0000000264  00000003
0000010c  0000000268  00000036
00000110  0000000272  00000000
                                                                         

--- Symbol Table ---
increment: 36
loop: 12
arr1: 200
next: 40
finished: 48
