(ARCTools Version 2.1.2)
 HexLoc     DecLoc    MachWord   Label        Instruction                Comment
                                              .org 0                     
                                                                         
00000000  0000000000  03000040                sethi 64, %r1              
00000004  0000000004  8330600a                srl %r1, 10, %r1           
00000008  0000000008  c4004000  loop:         ld %r1, %r2                
0000000c  0000000012  80908000                orcc %r2, %r0, %r0         
00000010  0000000016  02800009                be 9                       
00000014  0000000020  8088a001                andcc %r2, 1, %r0          
00000018  0000000024  02800005                be 5                       
0000001c  0000000028  40000007                call 7                     
00000020  0000000032  8400a001                add %r2, 1, %r2            
00000024  0000000036  c4204000                st %r2, %r1                
00000028  0000000040  fe004000                ld %r1, %r31               
0000002c  0000000044  82006004  next:         add %r1, 4, %r1            
00000030  0000000048  10bffff6                ba -10                     
00000034  0000000052  ffffffff  finished:     halt                       
                                                                         
00000038  0000000056  84b00002  twoc:         orncc %r0, %r2, %r2        
0000003c  0000000060  81c3e004                jmpl %r15, 4, %r0          
00000040  0000000064  ffffffff  arr1:                                    
00000044  0000000068  00000000

--- Symbol Table ---
loop: 8
twoc: 56
arr1: 64
next: 44
finished: 52
